<?xml version="1.0" encoding="UTF-8"?>
<robot generator="Robot 7.0 (Python 3.12.1 on win32)" generated="2024-02-24T11:13:05.209827" rpa="false" schemaversion="5">
<suite id="s1" name="Login" source="C:\QAx\projects\smartbit-robot\tests\login.robot">
<test id="s1-t1" name="Nao deve logar com senha incorreta" line="15">
<kw name="Start session" owner="Base" type="SETUP">
<kw name="New Browser" owner="Browser">
<msg time="2024-02-24T11:13:10.308672" level="INFO">{"browser": "chromium", "headless": false, "chromiumSandbox": false, "devtools": false, "handleSIGHUP": true, "handleSIGINT": true, "handleSIGTERM": true, "slowMo": 0.0, "timeout": 30000.0, "tracesDir": "C:\\QAx\\projects\\smartbit-robot\\.logs\\browser\\traces\\d799e032-5b23-4444-bd63-7c8183e3eeba"}</msg>
<msg time="2024-02-24T11:13:13.114131" level="INFO">Successfully created browser with options: {"browser":"chromium","headless":false,"chromiumSandbox":false,"devtools":false,"handleSIGHUP":true,"handleSIGINT":true,"handleSIGTERM":true,"slowMo":0,"timeout":30000,"tracesDir":"C:\\QAx\\projects\\smartbit-robot\\.logs\\browser\\traces\\d799e032-5b23-4444-bd63-7c8183e3eeba"}</msg>
<arg>browser=chromium</arg>
<arg>headless=False</arg>
<tag>BrowserControl</tag>
<tag>Setter</tag>
<doc>Create a new playwright Browser with specified options.</doc>
<status status="PASS" start="2024-02-24T11:13:10.306677" elapsed="2.807454"/>
</kw>
<kw name="New Page" owner="Browser">
<msg time="2024-02-24T11:13:14.795637" level="INFO">Successfully initialized new page object and opened url: http://localhost:3000</msg>
<msg time="2024-02-24T11:13:14.795637" level="INFO">No context was open. New context was automatically opened when this page is created.</msg>
<arg>http://localhost:3000</arg>
<tag>BrowserControl</tag>
<tag>Setter</tag>
<doc>Open a new Page.</doc>
<status status="PASS" start="2024-02-24T11:13:13.115129" elapsed="1.680508"/>
</kw>
<status status="PASS" start="2024-02-24T11:13:10.304684" elapsed="4.490953"/>
</kw>
<kw name="Go to login page" owner="Login">
<kw name="Go To" owner="Browser">
<msg time="2024-02-24T11:13:14.899360" level="INFO">Successfully opened URL http://localhost:3000/login</msg>
<arg>http://localhost:3000/login</arg>
<tag>BrowserControl</tag>
<tag>Setter</tag>
<doc>Navigates to the given ``url``.</doc>
<status status="PASS" start="2024-02-24T11:13:14.795637" elapsed="0.103723"/>
</kw>
<status status="PASS" start="2024-02-24T11:13:14.795637" elapsed="0.103723"/>
</kw>
<kw name="Submit login form" owner="Login">
<kw name="Fill Text" owner="Browser">
<msg time="2024-02-24T11:13:14.900358" level="INFO">Fills the text 'sac@smartbit.com' in the given field.</msg>
<arg>css=input[name=email]</arg>
<arg>${email}</arg>
<tag>PageContent</tag>
<tag>Setter</tag>
<doc>Clears and fills the given ``txt`` into the text field found by ``selector``.</doc>
<status status="PASS" start="2024-02-24T11:13:14.900358" elapsed="0.054853"/>
</kw>
<kw name="Fill Text" owner="Browser">
<msg time="2024-02-24T11:13:14.956208" level="INFO">Fills the text 'abc123' in the given field.</msg>
<arg>css=input[name=password]</arg>
<arg>${password}</arg>
<tag>PageContent</tag>
<tag>Setter</tag>
<doc>Clears and fills the given ``txt`` into the text field found by ``selector``.</doc>
<status status="PASS" start="2024-02-24T11:13:14.955211" elapsed="0.019946"/>
</kw>
<kw name="Click" owner="Browser">
<arg>css=button &gt;&gt; text=Entrar</arg>
<tag>PageContent</tag>
<tag>Setter</tag>
<doc>Simulates mouse click on the element found by ``selector``.</doc>
<status status="PASS" start="2024-02-24T11:13:14.975157" elapsed="0.103723"/>
</kw>
<arg>sac@smartbit.com</arg>
<arg>abc123</arg>
<status status="PASS" start="2024-02-24T11:13:14.899360" elapsed="0.180518"/>
</kw>
<kw name="Toast should be" owner="Toast">
<kw name="Wait For Elements State" owner="Browser">
<msg time="2024-02-24T11:13:17.456526" level="INFO">Waited for Element with selector css=.Toastify__toast-body at state visible</msg>
<arg>css=.Toastify__toast-body</arg>
<arg>visible</arg>
<arg>5</arg>
<tag>PageContent</tag>
<tag>Wait</tag>
<doc>Waits for the element found by ``selector`` to satisfy state option.</doc>
<status status="PASS" start="2024-02-24T11:13:15.079878" elapsed="2.376648"/>
</kw>
<kw name="Get Text" owner="Browser">
<msg time="2024-02-24T11:13:17.488441" level="INFO">Text: 'As credenciais de acesso fornecidas são inválidas. Tente novamente!'</msg>
<arg>css=.Toastify__toast-body</arg>
<arg>equal</arg>
<arg>${expected_text}</arg>
<tag>Assertion</tag>
<tag>Getter</tag>
<tag>PageContent</tag>
<doc>Returns text attribute of the element found by ``selector``.</doc>
<status status="PASS" start="2024-02-24T11:13:17.456526" elapsed="0.031915"/>
</kw>
<arg>As credenciais de acesso fornecidas são inválidas. Tente novamente!</arg>
<status status="PASS" start="2024-02-24T11:13:15.079878" elapsed="2.408563"/>
</kw>
<kw name="Take Screenshot" owner="Browser" type="TEARDOWN">
<msg time="2024-02-24T11:13:17.606125" level="INFO" html="true">&lt;/td&gt;&lt;/tr&gt;&lt;tr&gt;&lt;td colspan="3"&gt;&lt;a href="browser/screenshot/robotframework-browser-screenshot-1.png" target="_blank"&gt;&lt;img src="browser/screenshot/robotframework-browser-screenshot-1.png" width="800px"/&gt;&lt;/a&gt;</msg>
<tag>PageContent</tag>
<doc>Takes a screenshot of the current window or element and saves it to disk.</doc>
<status status="PASS" start="2024-02-24T11:13:17.488441" elapsed="0.117684"/>
</kw>
<tag>inv_pass</tag>
<status status="PASS" start="2024-02-24T11:13:10.298699" elapsed="7.307426"/>
</test>
<doc>Cenarios de testes do Login SAC</doc>
<status status="PASS" start="2024-02-24T11:13:05.211849" elapsed="12.465087"/>
</suite>
<statistics>
<total>
<stat pass="1" fail="0" skip="0">All Tests</stat>
</total>
<tag>
<stat pass="1" fail="0" skip="0">inv_pass</stat>
</tag>
<suite>
<stat pass="1" fail="0" skip="0" id="s1" name="Login">Login</stat>
</suite>
</statistics>
<errors>
</errors>
</robot>
