<?xml version="1.0" encoding="UTF-8"?>
<robot generator="Robot 7.0 (Python 3.12.2 on win32)" generated="2024-02-24T18:23:28.607539" rpa="false" schemaversion="5">
<suite id="s1" name="Enrolls" source="C:\QAx\projects\smartbit-robot\tests\enrolls.robot">
<test id="s1-t1" name="Deve poder realizar uma nova adesao" line="11">
<kw name="Start session" owner="Base" type="SETUP">
<kw name="New Browser" owner="Browser">
<msg time="2024-02-24T18:23:29.734839" level="INFO">{"browser": "chromium", "headless": false, "chromiumSandbox": false, "devtools": false, "handleSIGHUP": true, "handleSIGINT": true, "handleSIGTERM": true, "slowMo": 0.0, "timeout": 30000.0, "tracesDir": "C:\\QAx\\projects\\smartbit-robot\\logs\\browser\\traces\\e3dfa15f-5f76-447b-ab50-ffed62225f7c"}</msg>
<msg time="2024-02-24T18:23:30.160735" level="INFO">Successfully created browser with options: {"browser":"chromium","headless":false,"chromiumSandbox":false,"devtools":false,"handleSIGHUP":true,"handleSIGINT":true,"handleSIGTERM":true,"slowMo":0,"timeout":30000,"tracesDir":"C:\\QAx\\projects\\smartbit-robot\\logs\\browser\\traces\\e3dfa15f-5f76-447b-ab50-ffed62225f7c"}</msg>
<arg>browser=chromium</arg>
<arg>headless=False</arg>
<tag>BrowserControl</tag>
<tag>Setter</tag>
<doc>Create a new playwright Browser with specified options.</doc>
<status status="PASS" start="2024-02-24T18:23:29.733842" elapsed="0.426893"/>
</kw>
<kw name="New Page" owner="Browser">
<msg time="2024-02-24T18:23:30.981541" level="INFO">Successfully initialized new page object and opened url: http://localhost:3000</msg>
<msg time="2024-02-24T18:23:30.982580" level="INFO">No context was open. New context was automatically opened when this page is created.</msg>
<arg>http://localhost:3000</arg>
<tag>BrowserControl</tag>
<tag>Setter</tag>
<doc>Open a new Page.</doc>
<status status="PASS" start="2024-02-24T18:23:30.160735" elapsed="0.821845"/>
</kw>
<status status="PASS" start="2024-02-24T18:23:29.732846" elapsed="1.249734"/>
</kw>
<kw name="Go to login page" owner="Login">
<kw name="Go To" owner="Browser">
<msg time="2024-02-24T18:23:31.088255" level="INFO">Successfully opened URL http://localhost:3000/login</msg>
<arg>http://localhost:3000/login</arg>
<tag>BrowserControl</tag>
<tag>Setter</tag>
<doc>Navigates to the given ``url``.</doc>
<status status="PASS" start="2024-02-24T18:23:30.983534" elapsed="0.104721"/>
</kw>
<status status="PASS" start="2024-02-24T18:23:30.982580" elapsed="0.105675"/>
</kw>
<kw name="Submit login form" owner="Login">
<kw name="Fill Text" owner="Browser">
<msg time="2024-02-24T18:23:31.089251" level="INFO">Fills the text 'sac@smartbit.com' in the given field.</msg>
<arg>css=input[name=email]</arg>
<arg>${email}</arg>
<tag>PageContent</tag>
<tag>Setter</tag>
<doc>Clears and fills the given ``txt`` into the text field found by ``selector``.</doc>
<status status="PASS" start="2024-02-24T18:23:31.089251" elapsed="0.061835"/>
</kw>
<kw name="Fill Text" owner="Browser">
<msg time="2024-02-24T18:23:31.151086" level="INFO">Fills the text 'pwd123' in the given field.</msg>
<arg>css=input[name=password]</arg>
<arg>${password}</arg>
<tag>PageContent</tag>
<tag>Setter</tag>
<doc>Clears and fills the given ``txt`` into the text field found by ``selector``.</doc>
<status status="PASS" start="2024-02-24T18:23:31.151086" elapsed="0.024986"/>
</kw>
<kw name="Click" owner="Browser">
<arg>css=button &gt;&gt; text=Entrar</arg>
<tag>PageContent</tag>
<tag>Setter</tag>
<doc>Simulates mouse click on the element found by ``selector``.</doc>
<status status="PASS" start="2024-02-24T18:23:31.176072" elapsed="0.065386"/>
</kw>
<arg>sac@smartbit.com</arg>
<arg>pwd123</arg>
<status status="PASS" start="2024-02-24T18:23:31.089251" elapsed="0.152207"/>
</kw>
<kw name="User is logged in" owner="Accounts">
<kw name="Set Variable" owner="BuiltIn">
<msg time="2024-02-24T18:23:31.242621" level="INFO">${element} = css=.logged-user</msg>
<var>${element}</var>
<arg>css=.logged-user</arg>
<doc>Returns the given values which can then be assigned to a variables.</doc>
<status status="PASS" start="2024-02-24T18:23:31.242621" elapsed="0.000000"/>
</kw>
<kw name="Wait For Elements State" owner="Browser">
<msg time="2024-02-24T18:23:33.125952" level="INFO">Waited for Element with selector css=.logged-user at state visible</msg>
<arg>${element}</arg>
<arg>visible</arg>
<arg>5</arg>
<tag>PageContent</tag>
<tag>Wait</tag>
<doc>Waits for the element found by ``selector`` to satisfy state option.</doc>
<status status="PASS" start="2024-02-24T18:23:31.242621" elapsed="1.883331"/>
</kw>
<kw name="Get Text" owner="Browser">
<msg time="2024-02-24T18:23:33.162300" level="INFO">Text: 'sac@smartbit.com'</msg>
<arg>${element}</arg>
<arg>equal</arg>
<arg>${email}</arg>
<tag>Assertion</tag>
<tag>Getter</tag>
<tag>PageContent</tag>
<doc>Returns text attribute of the element found by ``selector``.</doc>
<status status="PASS" start="2024-02-24T18:23:33.125952" elapsed="0.036348"/>
</kw>
<arg>sac@smartbit.com</arg>
<status status="PASS" start="2024-02-24T18:23:31.242621" elapsed="1.919679"/>
</kw>
<kw name="Go to Enrolls">
<kw name="Click" owner="Browser">
<arg>css=a[href="/memberships"]</arg>
<tag>PageContent</tag>
<tag>Setter</tag>
<doc>Simulates mouse click on the element found by ``selector``.</doc>
<status status="PASS" start="2024-02-24T18:23:33.163336" elapsed="0.041060"/>
</kw>
<kw name="Wait For Elements State" owner="Browser">
<msg time="2024-02-24T18:23:33.215376" level="INFO">Waited for Element with selector css=h1 &gt;&gt; text=Matrículas at state visible</msg>
<arg>css=h1 &gt;&gt; text=Matrículas</arg>
<arg>visible</arg>
<arg>5</arg>
<tag>PageContent</tag>
<tag>Wait</tag>
<doc>Waits for the element found by ``selector`` to satisfy state option.</doc>
<status status="PASS" start="2024-02-24T18:23:33.205394" elapsed="0.009982"/>
</kw>
<status status="PASS" start="2024-02-24T18:23:33.162300" elapsed="0.054075"/>
</kw>
<kw name="Go to enroll form">
<kw name="Click" owner="Browser">
<arg>css=a[href="/memberships/new"]</arg>
<tag>PageContent</tag>
<tag>Setter</tag>
<doc>Simulates mouse click on the element found by ``selector``.</doc>
<status status="PASS" start="2024-02-24T18:23:33.217361" elapsed="0.104386"/>
</kw>
<kw name="Wait For Elements State" owner="Browser">
<msg time="2024-02-24T18:23:33.328469" level="INFO">Waited for Element with selector css=h1 &gt;&gt; text=Nova matrícula at state visible</msg>
<arg>css=h1 &gt;&gt; text=Nova matrícula</arg>
<arg>visible</arg>
<arg>5</arg>
<tag>PageContent</tag>
<tag>Wait</tag>
<doc>Waits for the element found by ``selector`` to satisfy state option.</doc>
<status status="PASS" start="2024-02-24T18:23:33.321747" elapsed="0.006722"/>
</kw>
<status status="PASS" start="2024-02-24T18:23:33.217361" elapsed="0.111108"/>
</kw>
<kw name="Select account">
<kw name="Fill Text" owner="Browser">
<msg time="2024-02-24T18:23:33.330386" level="INFO">Fills the text 'Lorena Cecilio' in the given field.</msg>
<arg>css=input[aria-label=select_account]</arg>
<arg>${name}</arg>
<tag>PageContent</tag>
<tag>Setter</tag>
<doc>Clears and fills the given ``txt`` into the text field found by ``selector``.</doc>
<status status="PASS" start="2024-02-24T18:23:33.329383" elapsed="0.066194"/>
</kw>
<kw name="Click" owner="Browser">
<arg>css=[data-testid="${cpf}"]</arg>
<tag>PageContent</tag>
<tag>Setter</tag>
<doc>Simulates mouse click on the element found by ``selector``.</doc>
<status status="PASS" start="2024-02-24T18:23:33.395577" elapsed="0.072805"/>
</kw>
<arg>Lorena Cecilio</arg>
<arg>80564750018</arg>
<status status="PASS" start="2024-02-24T18:23:33.329383" elapsed="0.139997"/>
</kw>
<kw name="Select plan">
<kw name="Fill Text" owner="Browser">
<msg time="2024-02-24T18:23:33.470376" level="INFO">Fills the text 'Plano Black' in the given field.</msg>
<arg>css=input[aria-label=select_plan]</arg>
<arg>${plan_name}</arg>
<tag>PageContent</tag>
<tag>Setter</tag>
<doc>Clears and fills the given ``txt`` into the text field found by ``selector``.</doc>
<status status="PASS" start="2024-02-24T18:23:33.469380" elapsed="0.034906"/>
</kw>
<kw name="Click" owner="Browser">
<arg>css=div[class$=option] &gt;&gt; text=${plan_name}</arg>
<tag>PageContent</tag>
<tag>Setter</tag>
<doc>Simulates mouse click on the element found by ``selector``.</doc>
<status status="PASS" start="2024-02-24T18:23:33.504286" elapsed="0.066821"/>
</kw>
<arg>Plano Black</arg>
<status status="PASS" start="2024-02-24T18:23:33.469380" elapsed="0.101727"/>
</kw>
<kw name="Fill payment">
<kw name="Fill Text" owner="Browser">
<msg time="2024-02-24T18:23:33.573102" level="INFO">Fills the text '4242424242424242' in the given field.</msg>
<arg>css=input[name=card_number]</arg>
<arg>${card_number}</arg>
<tag>PageContent</tag>
<tag>Setter</tag>
<doc>Clears and fills the given ``txt`` into the text field found by ``selector``.</doc>
<status status="PASS" start="2024-02-24T18:23:33.572104" elapsed="0.028923"/>
</kw>
<kw name="Fill Text" owner="Browser">
<msg time="2024-02-24T18:23:33.602025" level="INFO">Fills the text 'Lorena Cecilio' in the given field.</msg>
<arg>css=input[name=card_holder]</arg>
<arg>${card_holder}</arg>
<tag>PageContent</tag>
<tag>Setter</tag>
<doc>Clears and fills the given ``txt`` into the text field found by ``selector``.</doc>
<status status="PASS" start="2024-02-24T18:23:33.602025" elapsed="0.032911"/>
</kw>
<kw name="Fill Text" owner="Browser">
<msg time="2024-02-24T18:23:33.635938" level="INFO">Fills the text '12' in the given field.</msg>
<arg>css=input[name=card_month]</arg>
<arg>${month}</arg>
<tag>PageContent</tag>
<tag>Setter</tag>
<doc>Clears and fills the given ``txt`` into the text field found by ``selector``.</doc>
<status status="PASS" start="2024-02-24T18:23:33.634936" elapsed="0.024936"/>
</kw>
<kw name="Fill Text" owner="Browser">
<msg time="2024-02-24T18:23:33.661869" level="INFO">Fills the text '2030' in the given field.</msg>
<arg>css=input[name=card_year]</arg>
<arg>${card_year}</arg>
<tag>PageContent</tag>
<tag>Setter</tag>
<doc>Clears and fills the given ``txt`` into the text field found by ``selector``.</doc>
<status status="PASS" start="2024-02-24T18:23:33.659872" elapsed="0.026930"/>
</kw>
<kw name="Fill Text" owner="Browser">
<msg time="2024-02-24T18:23:33.686802" level="INFO">Fills the text '123' in the given field.</msg>
<arg>css=input[name=card_cvv]</arg>
<arg>${card_cvv}</arg>
<tag>PageContent</tag>
<tag>Setter</tag>
<doc>Clears and fills the given ``txt`` into the text field found by ``selector``.</doc>
<status status="PASS" start="2024-02-24T18:23:33.686802" elapsed="0.022935"/>
</kw>
<arg>4242424242424242</arg>
<arg>Lorena Cecilio</arg>
<arg>12</arg>
<arg>2030</arg>
<arg>123</arg>
<status status="PASS" start="2024-02-24T18:23:33.572104" elapsed="0.137633"/>
</kw>
<kw name="Sleep" owner="BuiltIn">
<msg time="2024-02-24T18:23:38.711295" level="INFO">Slept 5 seconds.</msg>
<arg>5</arg>
<doc>Pauses the test executed for the given time.</doc>
<status status="PASS" start="2024-02-24T18:23:33.710735" elapsed="5.000560"/>
</kw>
<kw name="Take Screenshot" owner="Browser" type="TEARDOWN">
<msg time="2024-02-24T18:23:38.858509" level="INFO" html="true">&lt;/td&gt;&lt;/tr&gt;&lt;tr&gt;&lt;td colspan="3"&gt;&lt;a href="browser/screenshot/robotframework-browser-screenshot-1.png" target="_blank"&gt;&lt;img src="browser/screenshot/robotframework-browser-screenshot-1.png" width="800px"/&gt;&lt;/a&gt;</msg>
<tag>PageContent</tag>
<doc>Takes a screenshot of the current window or element and saves it to disk.</doc>
<status status="PASS" start="2024-02-24T18:23:38.713377" elapsed="0.145132"/>
</kw>
<status status="PASS" start="2024-02-24T18:23:29.730102" elapsed="9.129854"/>
</test>
<doc>Suite de testes de adesoes de planos</doc>
<status status="PASS" start="2024-02-24T18:23:28.609534" elapsed="10.341315"/>
</suite>
<statistics>
<total>
<stat pass="1" fail="0" skip="0">All Tests</stat>
</total>
<tag>
</tag>
<suite>
<stat pass="1" fail="0" skip="0" id="s1" name="Enrolls">Enrolls</stat>
</suite>
</statistics>
<errors>
</errors>
</robot>
